<?xml version="1.0" encoding="UTF-8"?>
<robot generator="Robot 3.2.2 (Python 3.8.5 on win32)" generated="20210115 13:29:52.965" rpa="false">
<suite id="s1" name="Tests" source="C:\development\robot-scripts\front-office-1\Tests">
<suite id="s1-s1" name="Front Office" source="C:\development\robot-scripts\front-office-1\Tests\Front_Office.robot">
<test id="s1-s1-t1" name="User Access &quot;Team&quot; page">
<kw name="Begin Web Test" library="CommonWeb" type="setup">
<kw name="Open Browser" library="SeleniumLibrary">
<doc>Opens a new browser instance to the optional ``url``.</doc>
<arguments>
<arg>about:blank</arg>
<arg>${BROWSER}</arg>
</arguments>
<msg timestamp="20210115 13:29:53.924" level="INFO">Opening browser 'ie' to base url 'about:blank'.</msg>
<status status="PASS" starttime="20210115 13:29:53.923" endtime="20210115 13:30:07.762"></status>
</kw>
<status status="PASS" starttime="20210115 13:29:53.923" endtime="20210115 13:30:07.762"></status>
</kw>
<kw name="Go to Landing Page" library="FrontOfficeApp">
<kw name="Navigate to" library="Landing">
<kw name="Go To" library="SeleniumLibrary">
<doc>Navigates the current browser window to the provided ``url``.</doc>
<arguments>
<arg>${URL}</arg>
</arguments>
<msg timestamp="20210115 13:30:07.764" level="INFO">Opening url 'http://www.robotframeworktutorial.com//front-office'</msg>
<status status="PASS" starttime="20210115 13:30:07.764" endtime="20210115 13:30:09.689"></status>
</kw>
<status status="PASS" starttime="20210115 13:30:07.763" endtime="20210115 13:30:09.689"></status>
</kw>
<kw name="Verify Page Loaded" library="Landing">
<kw name="Wait Until Page Contains Element" library="SeleniumLibrary">
<doc>Waits until the element ``locator`` appears on the current page.</doc>
<arguments>
<arg>${LANDING_NAVIGATION_ELEMENT}</arg>
</arguments>
<status status="PASS" starttime="20210115 13:30:09.690" endtime="20210115 13:30:10.111"></status>
</kw>
<status status="PASS" starttime="20210115 13:30:09.689" endtime="20210115 13:30:10.112"></status>
</kw>
<status status="PASS" starttime="20210115 13:30:07.763" endtime="20210115 13:30:10.112"></status>
</kw>
<kw name="Go to &quot;Team&quot; Page" library="FrontOfficeApp">
<kw name="Select &quot;Team&quot; page" library="TopNav">
<kw name="Click Element" library="SeleniumLibrary">
<doc>Click the element identified by ``locator``.</doc>
<arguments>
<arg>${TopNav_Team_LINK}</arg>
</arguments>
<msg timestamp="20210115 13:30:10.115" level="INFO">Clicking element 'css=#bs-example-navbar-collapse-1 &gt; ul &gt; li:nth-child(5) &gt; a'.</msg>
<status status="PASS" starttime="20210115 13:30:10.115" endtime="20210115 13:30:10.894"></status>
</kw>
<kw name="Sleep" library="BuiltIn">
<doc>Pauses the test executed for the given time.</doc>
<arguments>
<arg>3s</arg>
</arguments>
<msg timestamp="20210115 13:30:13.905" level="INFO">Slept 3 seconds</msg>
<status status="PASS" starttime="20210115 13:30:10.894" endtime="20210115 13:30:13.905"></status>
</kw>
<status status="PASS" starttime="20210115 13:30:10.114" endtime="20210115 13:30:13.906"></status>
</kw>
<kw name="Verify Page Loaded" library="Team">
<kw name="Wait Until Page Contains Element" library="SeleniumLibrary">
<doc>Waits until the element ``locator`` appears on the current page.</doc>
<arguments>
<arg>${team_header_label}</arg>
</arguments>
<status status="PASS" starttime="20210115 13:30:13.907" endtime="20210115 13:30:14.032"></status>
</kw>
<status status="PASS" starttime="20210115 13:30:13.906" endtime="20210115 13:30:14.032"></status>
</kw>
<status status="PASS" starttime="20210115 13:30:10.113" endtime="20210115 13:30:14.032"></status>
</kw>
<kw name="End Web Test" library="CommonWeb" type="teardown">
<kw name="Close Browser" library="SeleniumLibrary">
<doc>Closes the current browser.</doc>
<status status="PASS" starttime="20210115 13:30:14.034" endtime="20210115 13:30:17.857"></status>
</kw>
<status status="PASS" starttime="20210115 13:30:14.034" endtime="20210115 13:30:17.858"></status>
</kw>
<doc>This is basic info about test</doc>
<tags>
<tag>Somke</tag>
</tags>
<status status="PASS" starttime="20210115 13:29:53.922" endtime="20210115 13:30:17.858" critical="yes"></status>
</test>
<test id="s1-s1-t2" name="&quot;Team&quot; page should match requirements">
<kw name="Begin Web Test" library="CommonWeb" type="setup">
<kw name="Open Browser" library="SeleniumLibrary">
<doc>Opens a new browser instance to the optional ``url``.</doc>
<arguments>
<arg>about:blank</arg>
<arg>${BROWSER}</arg>
</arguments>
<msg timestamp="20210115 13:30:17.865" level="INFO">Opening browser 'ie' to base url 'about:blank'.</msg>
<status status="PASS" starttime="20210115 13:30:17.865" endtime="20210115 13:30:20.086"></status>
</kw>
<status status="PASS" starttime="20210115 13:30:17.864" endtime="20210115 13:30:20.086"></status>
</kw>
<kw name="Go to Landing Page" library="FrontOfficeApp">
<kw name="Navigate to" library="Landing">
<kw name="Go To" library="SeleniumLibrary">
<doc>Navigates the current browser window to the provided ``url``.</doc>
<arguments>
<arg>${URL}</arg>
</arguments>
<msg timestamp="20210115 13:30:20.088" level="INFO">Opening url 'http://www.robotframeworktutorial.com//front-office'</msg>
<status status="PASS" starttime="20210115 13:30:20.088" endtime="20210115 13:30:21.408"></status>
</kw>
<status status="PASS" starttime="20210115 13:30:20.087" endtime="20210115 13:30:21.408"></status>
</kw>
<kw name="Verify Page Loaded" library="Landing">
<kw name="Wait Until Page Contains Element" library="SeleniumLibrary">
<doc>Waits until the element ``locator`` appears on the current page.</doc>
<arguments>
<arg>${LANDING_NAVIGATION_ELEMENT}</arg>
</arguments>
<status status="PASS" starttime="20210115 13:30:21.409" endtime="20210115 13:30:21.536"></status>
</kw>
<status status="PASS" starttime="20210115 13:30:21.408" endtime="20210115 13:30:21.536"></status>
</kw>
<status status="PASS" starttime="20210115 13:30:20.087" endtime="20210115 13:30:21.536"></status>
</kw>
<kw name="Go to &quot;Team&quot; Page" library="FrontOfficeApp">
<kw name="Select &quot;Team&quot; page" library="TopNav">
<kw name="Click Element" library="SeleniumLibrary">
<doc>Click the element identified by ``locator``.</doc>
<arguments>
<arg>${TopNav_Team_LINK}</arg>
</arguments>
<msg timestamp="20210115 13:30:21.538" level="INFO">Clicking element 'css=#bs-example-navbar-collapse-1 &gt; ul &gt; li:nth-child(5) &gt; a'.</msg>
<status status="PASS" starttime="20210115 13:30:21.537" endtime="20210115 13:30:22.154"></status>
</kw>
<kw name="Sleep" library="BuiltIn">
<doc>Pauses the test executed for the given time.</doc>
<arguments>
<arg>3s</arg>
</arguments>
<msg timestamp="20210115 13:30:25.165" level="INFO">Slept 3 seconds</msg>
<status status="PASS" starttime="20210115 13:30:22.154" endtime="20210115 13:30:25.166"></status>
</kw>
<status status="PASS" starttime="20210115 13:30:21.537" endtime="20210115 13:30:25.166"></status>
</kw>
<kw name="Verify Page Loaded" library="Team">
<kw name="Wait Until Page Contains Element" library="SeleniumLibrary">
<doc>Waits until the element ``locator`` appears on the current page.</doc>
<arguments>
<arg>${team_header_label}</arg>
</arguments>
<status status="PASS" starttime="20210115 13:30:25.167" endtime="20210115 13:30:25.276"></status>
</kw>
<status status="PASS" starttime="20210115 13:30:25.166" endtime="20210115 13:30:25.276"></status>
</kw>
<status status="PASS" starttime="20210115 13:30:21.537" endtime="20210115 13:30:25.276"></status>
</kw>
<kw name="Validate &quot;Team&quot; Page" library="FrontOfficeApp">
<kw name="Validate Page Content" library="Team">
<kw name="Get Text" library="SeleniumLibrary">
<doc>Returns the text value of the element identified by ``locator``.</doc>
<arguments>
<arg>${team_header_label}</arg>
</arguments>
<assign>
<var>${ElementText}</var>
</assign>
<msg timestamp="20210115 13:30:25.512" level="INFO">${ElementText} = OUR AMAZING TEAM</msg>
<status status="PASS" starttime="20210115 13:30:25.277" endtime="20210115 13:30:25.512"></status>
</kw>
<kw name="Should Be Equal As Strings" library="BuiltIn">
<doc>Fails if objects are unequal after converting them to strings.</doc>
<arguments>
<arg>${ElementText}</arg>
<arg>Our Amazing Team</arg>
<arg>ignore_case=true</arg>
</arguments>
<status status="PASS" starttime="20210115 13:30:25.512" endtime="20210115 13:30:25.513"></status>
</kw>
<status status="PASS" starttime="20210115 13:30:25.277" endtime="20210115 13:30:25.513"></status>
</kw>
<status status="PASS" starttime="20210115 13:30:25.277" endtime="20210115 13:30:25.513"></status>
</kw>
<kw name="End Web Test" library="CommonWeb" type="teardown">
<kw name="Close Browser" library="SeleniumLibrary">
<doc>Closes the current browser.</doc>
<status status="PASS" starttime="20210115 13:30:25.513" endtime="20210115 13:30:28.659"></status>
</kw>
<status status="PASS" starttime="20210115 13:30:25.513" endtime="20210115 13:30:28.660"></status>
</kw>
<doc>This is basic info about test 2</doc>
<tags>
<tag>Somke</tag>
</tags>
<status status="PASS" starttime="20210115 13:30:17.862" endtime="20210115 13:30:28.660" critical="yes"></status>
</test>
<doc>this is to set up locators for amazon project</doc>
<status status="PASS" starttime="20210115 13:29:53.004" endtime="20210115 13:30:28.662"></status>
</suite>
<status status="PASS" starttime="20210115 13:29:52.970" endtime="20210115 13:30:28.666"></status>
</suite>
<statistics>
<total>
<stat pass="2" fail="0">Critical Tests</stat>
<stat pass="2" fail="0">All Tests</stat>
</total>
<tag>
<stat pass="2" fail="0">Somke</stat>
</tag>
<suite>
<stat pass="2" fail="0" id="s1" name="Tests">Tests</stat>
<stat pass="2" fail="0" id="s1-s1" name="Front Office">Tests.Front Office</stat>
</suite>
</statistics>
<errors>
</errors>
</robot>
